{"/home/victorraton/www/hq-dowloader/src/service/hq-now/api.ts": {"path":"/home/victorraton/www/hq-dowloader/src/service/hq-now/api.ts","statementMap":{"0":{"start":{"line":7,"column":23},"end":{"line":22,"column":1}},"1":{"start":{"line":12,"column":17},"end":{"line":20,"column":null}},"2":{"start":{"line":21,"column":1},"end":{"line":21,"column":null}},"3":{"start":{"line":7,"column":13},"end":{"line":7,"column":23}}},"fnMap":{"0":{"name":"(anonymous_0)","decl":{"start":{"line":7,"column":23},"end":{"line":7,"column":24}},"loc":{"start":{"line":11,"column":28},"end":{"line":22,"column":1}}}},"branchMap":{"0":{"loc":{"start":{"line":8,"column":1},"end":{"line":8,"column":15}},"type":"default-arg","locations":[{"start":{"line":8,"column":10},"end":{"line":8,"column":15}}]}},"s":{"0":1,"1":0,"2":0,"3":1},"f":{"0":0},"b":{"0":[0]}}
,"/home/victorraton/www/hq-dowloader/src/service/hq-now/hq-search.ts": {"path":"/home/victorraton/www/hq-dowloader/src/service/hq-now/hq-search.ts","statementMap":{"0":{"start":{"line":2,"column":0},"end":{"line":2,"column":31}},"1":{"start":{"line":3,"column":0},"end":{"line":3,"column":34}},"2":{"start":{"line":4,"column":0},"end":{"line":4,"column":31}},"3":{"start":{"line":25,"column":22},"end":{"line":42,"column":null}},"4":{"start":{"line":44,"column":29},"end":{"line":57,"column":null}},"5":{"start":{"line":44,"column":94},"end":{"line":57,"column":null}},"6":{"start":{"line":45,"column":14},"end":{"line":48,"column":null}},"7":{"start":{"line":49,"column":18},"end":{"line":53,"column":3}},"8":{"start":{"line":55,"column":18},"end":{"line":55,"column":39}},"9":{"start":{"line":56,"column":1},"end":{"line":56,"column":null}},"10":{"start":{"line":44,"column":13},"end":{"line":44,"column":29}},"11":{"start":{"line":59,"column":27},"end":{"line":80,"column":1}},"12":{"start":{"line":60,"column":1},"end":{"line":79,"column":null}},"13":{"start":{"line":61,"column":30},"end":{"line":61,"column":32}},"14":{"start":{"line":62,"column":2},"end":{"line":73,"column":null}},"15":{"start":{"line":63,"column":27},"end":{"line":63,"column":29}},"16":{"start":{"line":64,"column":3},"end":{"line":66,"column":null}},"17":{"start":{"line":65,"column":4},"end":{"line":65,"column":null}},"18":{"start":{"line":68,"column":3},"end":{"line":72,"column":null}},"19":{"start":{"line":74,"column":2},"end":{"line":78,"column":null}},"20":{"start":{"line":59,"column":13},"end":{"line":59,"column":27}}},"fnMap":{"0":{"name":"(anonymous_7)","decl":{"start":{"line":44,"column":29},"end":{"line":44,"column":36}},"loc":{"start":{"line":44,"column":94},"end":{"line":57,"column":null}}},"1":{"name":"(anonymous_8)","decl":{"start":{"line":44,"column":94},"end":{"line":44,"column":null}},"loc":{"start":{"line":44,"column":94},"end":{"line":57,"column":1}}},"2":{"name":"(anonymous_9)","decl":{"start":{"line":59,"column":27},"end":{"line":59,"column":28}},"loc":{"start":{"line":59,"column":56},"end":{"line":80,"column":1}}},"3":{"name":"(anonymous_10)","decl":{"start":{"line":60,"column":17},"end":{"line":60,"column":18}},"loc":{"start":{"line":60,"column":44},"end":{"line":79,"column":2}}},"4":{"name":"(anonymous_11)","decl":{"start":{"line":64,"column":32},"end":{"line":64,"column":39}},"loc":{"start":{"line":64,"column":42},"end":{"line":66,"column":4}}}},"branchMap":{},"s":{"0":1,"1":1,"2":1,"3":1,"4":1,"5":0,"6":0,"7":0,"8":0,"9":0,"10":1,"11":1,"12":1,"13":17,"14":17,"15":104,"16":104,"17":3690,"18":104,"19":17,"20":1},"f":{"0":0,"1":0,"2":1,"3":17,"4":3690},"b":{}}
}
