TN:
SF:src/service/hq-now/api.ts
FN:7,(anonymous_0)
FNF:1
FNH:0
FNDA:0,(anonymous_0)
DA:7,1
DA:12,0
DA:21,0
LF:3
LH:1
BRDA:8,0,0,0
BRF:1
BRH:0
end_of_record
TN:
SF:src/service/hq-now/hq-search.ts
FN:44,(anonymous_7)
FN:44,(anonymous_8)
FN:59,(anonymous_9)
FN:60,(anonymous_10)
FN:64,(anonymous_11)
FNF:5
FNH:3
FNDA:0,(anonymous_7)
FNDA:0,(anonymous_8)
FNDA:1,(anonymous_9)
FNDA:17,(anonymous_10)
FNDA:3690,(anonymous_11)
DA:2,1
DA:3,1
DA:4,1
DA:25,1
DA:44,1
DA:45,0
DA:49,0
DA:55,0
DA:56,0
DA:59,1
DA:60,1
DA:61,17
DA:62,17
DA:63,104
DA:64,104
DA:65,3690
DA:68,104
DA:74,17
LF:18
LH:14
BRF:0
BRH:0
end_of_record
